[0814/210205.488:ERROR:process_memory_win.cc(73)] ReadMemory at 0x27bf0cdcc40 of 72 bytes failed: ReadProcessMemory veya WriteProcessMemory isteðinin sadece bir parçasý tamamlandý. (0x12B)
[0814/210205.490:WARNING:pe_image_annotations_reader.cc(134)] could not read annotations list object in C:\Program Files (x86)\Google\Chrome\Application\84.0.4147.125\chrome_elf.dll
[0814/210205.491:ERROR:process_memory_win.cc(73)] ReadMemory at 0x27bf0d13f60 of 72 bytes failed: ReadProcessMemory veya WriteProcessMemory isteðinin sadece bir parçasý tamamlandý. (0x12B)
[0814/210205.491:WARNING:pe_image_annotations_reader.cc(134)] could not read annotations list object in C:\Program Files (x86)\Google\Chrome\Application\84.0.4147.125\chrome.dll
[0814/210205.593:ERROR:process_memory_win.cc(73)] ReadMemory at 0x7ff7a4970000 of 64 bytes failed: ReadProcessMemory veya WriteProcessMemory isteðinin sadece bir parçasý tamamlandý. (0x12B)
[0814/210205.593:WARNING:pe_image_reader.cc(340)] could not read dos header from C:\Program Files (x86)\Google\Chrome\Application\chrome.exe
[0814/210205.594:ERROR:process_memory_win.cc(73)] ReadMemory at 0x27bf0cdcc40 of 72 bytes failed: ReadProcessMemory veya WriteProcessMemory isteðinin sadece bir parçasý tamamlandý. (0x12B)
[0814/210205.594:WARNING:pe_image_annotations_reader.cc(134)] could not read annotations list object in C:\Program Files (x86)\Google\Chrome\Application\84.0.4147.125\chrome_elf.dll
[0814/210205.594:ERROR:process_memory_win.cc(73)] ReadMemory at 0x7ffbafc10000 of 64 bytes failed: ReadProcessMemory veya WriteProcessMemory isteðinin sadece bir parçasý tamamlandý. (0x12B)
[0814/210205.594:WARNING:pe_image_reader.cc(340)] could not read dos header from C:\Program Files (x86)\Google\Chrome\Application\84.0.4147.125\chrome.dll
[0814/210205.606:ERROR:process_memory_win.cc(73)] ReadMemory at 0x7ff7a4970000 of 64 bytes failed: ReadProcessMemory veya WriteProcessMemory isteðinin sadece bir parçasý tamamlandý. (0x12B)
[0814/210205.606:WARNING:pe_image_reader.cc(340)] could not read dos header from C:\Program Files (x86)\Google\Chrome\Application\chrome.exe
[0814/210205.606:ERROR:process_memory_win.cc(73)] ReadMemory at 0x27bf0cdcc40 of 72 bytes failed: ReadProcessMemory veya WriteProcessMemory isteðinin sadece bir parçasý tamamlandý. (0x12B)
[0814/210205.606:WARNING:pe_image_annotations_reader.cc(134)] could not read annotations list object in C:\Program Files (x86)\Google\Chrome\Application\84.0.4147.125\chrome_elf.dll
[0814/210205.608:ERROR:process_memory_win.cc(73)] ReadMemory at 0x7ffbafc10000 of 64 bytes failed: ReadProcessMemory veya WriteProcessMemory isteðinin sadece bir parçasý tamamlandý. (0x12B)
[0814/210205.608:WARNING:pe_image_reader.cc(340)] could not read dos header from C:\Program Files (x86)\Google\Chrome\Application\84.0.4147.125\chrome.dll
[0814/210205.610:ERROR:process_memory_win.cc(73)] ReadMemory at 0x7ff7a4970000 of 64 bytes failed: ReadProcessMemory veya WriteProcessMemory isteðinin sadece bir parçasý tamamlandý. (0x12B)
[0814/210205.610:WARNING:pe_image_reader.cc(340)] could not read dos header from C:\Program Files (x86)\Google\Chrome\Application\chrome.exe
[0814/210205.610:ERROR:process_memory_win.cc(73)] ReadMemory at 0x27bf0cdcc40 of 72 bytes failed: ReadProcessMemory veya WriteProcessMemory isteðinin sadece bir parçasý tamamlandý. (0x12B)
[0814/210205.610:WARNING:pe_image_annotations_reader.cc(134)] could not read annotations list object in C:\Program Files (x86)\Google\Chrome\Application\84.0.4147.125\chrome_elf.dll
[0814/210205.610:ERROR:process_memory_win.cc(73)] ReadMemory at 0x7ffbafc10000 of 64 bytes failed: ReadProcessMemory veya WriteProcessMemory isteðinin sadece bir parçasý tamamlandý. (0x12B)
[0814/210205.610:WARNING:pe_image_reader.cc(340)] could not read dos header from C:\Program Files (x86)\Google\Chrome\Application\84.0.4147.125\chrome.dll
[0814/210205.621:ERROR:process_memory_win.cc(73)] ReadMemory at 0xf1a87e7000 of 102400 bytes failed: ReadProcessMemory veya WriteProcessMemory isteðinin sadece bir parçasý tamamlandý. (0x12B)
[0814/210205.621:ERROR:process_memory_win.cc(73)] ReadMemory at 0xf1a8ffd000 of 12288 bytes failed: ReadProcessMemory veya WriteProcessMemory isteðinin sadece bir parçasý tamamlandý. (0x12B)
[0814/210205.621:ERROR:process_memory_win.cc(73)] ReadMemory at 0xf1a97f7000 of 36864 bytes failed: ReadProcessMemory veya WriteProcessMemory isteðinin sadece bir parçasý tamamlandý. (0x12B)
[0814/210205.622:ERROR:process_memory_win.cc(73)] ReadMemory at 0xf1a9ffc000 of 16384 bytes failed: ReadProcessMemory veya WriteProcessMemory isteðinin sadece bir parçasý tamamlandý. (0x12B)
[0814/210205.622:ERROR:process_memory_win.cc(73)] ReadMemory at 0xf1aa7fc000 of 16384 bytes failed: ReadProcessMemory veya WriteProcessMemory isteðinin sadece bir parçasý tamamlandý. (0x12B)
[0814/210205.622:ERROR:process_memory_win.cc(73)] ReadMemory at 0xf1aaffe000 of 8192 bytes failed: ReadProcessMemory veya WriteProcessMemory isteðinin sadece bir parçasý tamamlandý. (0x12B)
[0814/210205.622:ERROR:process_memory_win.cc(73)] ReadMemory at 0xf1ab7fd000 of 12288 bytes failed: ReadProcessMemory veya WriteProcessMemory isteðinin sadece bir parçasý tamamlandý. (0x12B)
[0814/210205.622:ERROR:process_memory_win.cc(73)] ReadMemory at 0xf1abffb000 of 20480 bytes failed: ReadProcessMemory veya WriteProcessMemory isteðinin sadece bir parçasý tamamlandý. (0x12B)
[0814/210205.622:ERROR:process_memory_win.cc(73)] ReadMemory at 0xf1acffd000 of 12288 bytes failed: ReadProcessMemory veya WriteProcessMemory isteðinin sadece bir parçasý tamamlandý. (0x12B)
[0814/210205.622:ERROR:process_memory_win.cc(73)] ReadMemory at 0xf1ad7fb000 of 20480 bytes failed: ReadProcessMemory veya WriteProcessMemory isteðinin sadece bir parçasý tamamlandý. (0x12B)
[0814/210205.622:ERROR:process_memory_win.cc(73)] ReadMemory at 0xf1adffa000 of 24576 bytes failed: ReadProcessMemory veya WriteProcessMemory isteðinin sadece bir parçasý tamamlandý. (0x12B)
[0814/210205.622:ERROR:process_memory_win.cc(73)] ReadMemory at 0xf1ae7fc000 of 16384 bytes failed: ReadProcessMemory veya WriteProcessMemory isteðinin sadece bir parçasý tamamlandý. (0x12B)
[0814/210205.622:ERROR:process_memory_win.cc(73)] ReadMemory at 0xf1aeff7000 of 36864 bytes failed: ReadProcessMemory veya WriteProcessMemory isteðinin sadece bir parçasý tamamlandý. (0x12B)
[0814/210205.622:ERROR:process_memory_win.cc(73)] ReadMemory at 0xf1af7fc000 of 16384 bytes failed: ReadProcessMemory veya WriteProcessMemory isteðinin sadece bir parçasý tamamlandý. (0x12B)
[0814/210205.623:ERROR:process_memory_win.cc(73)] ReadMemory at 0xf1a7f5e000 of 852 bytes failed: ReadProcessMemory veya WriteProcessMemory isteðinin sadece bir parçasý tamamlandý. (0x12B)
[0814/210205.623:ERROR:process_memory_win.cc(73)] ReadMemory at 0xf1a7f5f000 of 6024 bytes failed: ReadProcessMemory veya WriteProcessMemory isteðinin sadece bir parçasý tamamlandý. (0x12B)
[0814/210205.623:ERROR:process_memory_win.cc(73)] ReadMemory at 0xf1a7f61000 of 6024 bytes failed: ReadProcessMemory veya WriteProcessMemory isteðinin sadece bir parçasý tamamlandý. (0x12B)
[0814/210205.623:ERROR:process_memory_win.cc(73)] ReadMemory at 0xf1a7f63000 of 6024 bytes failed: ReadProcessMemory veya WriteProcessMemory isteðinin sadece bir parçasý tamamlandý. (0x12B)
[0814/210205.623:ERROR:process_memory_win.cc(73)] ReadMemory at 0xf1a7f65000 of 6024 bytes failed: ReadProcessMemory veya WriteProcessMemory isteðinin sadece bir parçasý tamamlandý. (0x12B)
[0814/210205.623:ERROR:process_memory_win.cc(73)] ReadMemory at 0xf1a7f67000 of 6024 bytes failed: ReadProcessMemory veya WriteProcessMemory isteðinin sadece bir parçasý tamamlandý. (0x12B)
[0814/210205.623:ERROR:process_memory_win.cc(73)] ReadMemory at 0xf1a7f69000 of 6024 bytes failed: ReadProcessMemory veya WriteProcessMemory isteðinin sadece bir parçasý tamamlandý. (0x12B)
[0814/210205.623:ERROR:process_memory_win.cc(73)] ReadMemory at 0xf1a7f6b000 of 6024 bytes failed: ReadProcessMemory veya WriteProcessMemory isteðinin sadece bir parçasý tamamlandý. (0x12B)
[0814/210205.623:ERROR:process_memory_win.cc(73)] ReadMemory at 0xf1a7f6d000 of 6024 bytes failed: ReadProcessMemory veya WriteProcessMemory isteðinin sadece bir parçasý tamamlandý. (0x12B)
[0814/210205.624:ERROR:process_memory_win.cc(73)] ReadMemory at 0xf1a7f71000 of 6024 bytes failed: ReadProcessMemory veya WriteProcessMemory isteðinin sadece bir parçasý tamamlandý. (0x12B)
[0814/210205.624:ERROR:process_memory_win.cc(73)] ReadMemory at 0xf1a7f73000 of 6024 bytes failed: ReadProcessMemory veya WriteProcessMemory isteðinin sadece bir parçasý tamamlandý. (0x12B)
[0814/210205.624:ERROR:process_memory_win.cc(73)] ReadMemory at 0xf1a7f75000 of 6024 bytes failed: ReadProcessMemory veya WriteProcessMemory isteðinin sadece bir parçasý tamamlandý. (0x12B)
[0814/210205.624:ERROR:process_memory_win.cc(73)] ReadMemory at 0xf1a7f77000 of 6024 bytes failed: ReadProcessMemory veya WriteProcessMemory isteðinin sadece bir parçasý tamamlandý. (0x12B)
[0814/210205.624:ERROR:process_memory_win.cc(73)] ReadMemory at 0xf1a7f79000 of 6024 bytes failed: ReadProcessMemory veya WriteProcessMemory isteðinin sadece bir parçasý tamamlandý. (0x12B)
[0814/210205.624:ERROR:process_memory_win.cc(73)] ReadMemory at 0xf1a7f7b000 of 6024 bytes failed: ReadProcessMemory veya WriteProcessMemory isteðinin sadece bir parçasý tamamlandý. (0x12B)
[0814/210205.624:ERROR:process_memory_win.cc(73)] ReadMemory at 0x27bf0c50ca0 of 512 bytes failed: ReadProcessMemory veya WriteProcessMemory isteðinin sadece bir parçasý tamamlandý. (0x12B)
[0814/210205.625:ERROR:process_memory_win.cc(73)] ReadMemory at 0x27bf0c53580 of 512 bytes failed: ReadProcessMemory veya WriteProcessMemory isteðinin sadece bir parçasý tamamlandý. (0x12B)
[0814/210205.625:ERROR:process_memory_win.cc(73)] ReadMemory at 0x27bf0cd0fe0 of 3674 bytes failed: ReadProcessMemory veya WriteProcessMemory isteðinin sadece bir parçasý tamamlandý. (0x12B)
[0814/210205.625:ERROR:process_memory_win.cc(73)] ReadMemory at 0x27bf0cd1e50 of 1012 bytes failed: ReadProcessMemory veya WriteProcessMemory isteðinin sadece bir parçasý tamamlandý. (0x12B)
[0814/210205.625:ERROR:process_memory_win.cc(73)] ReadMemory at 0x27bf0cd2498 of 118 bytes failed: ReadProcessMemory veya WriteProcessMemory isteðinin sadece bir parçasý tamamlandý. (0x12B)
[0814/210205.625:ERROR:process_memory_win.cc(73)] ReadMemory at 0x27bf0cd2510 of 1224 bytes failed: ReadProcessMemory veya WriteProcessMemory isteðinin sadece bir parçasý tamamlandý. (0x12B)
[0814/210205.625:ERROR:process_memory_win.cc(73)] ReadMemory at 0x27bf0cd29da of 118 bytes failed: ReadProcessMemory veya WriteProcessMemory isteðinin sadece bir parçasý tamamlandý. (0x12B)
[0814/210205.625:ERROR:process_memory_win.cc(73)] ReadMemory at 0x27bf0cd2a52 of 100 bytes failed: ReadProcessMemory veya WriteProcessMemory isteðinin sadece bir parçasý tamamlandý. (0x12B)
[0814/210205.625:ERROR:process_memory_win.cc(73)] ReadMemory at 0x27bf0cd2ad0 of 58 bytes failed: ReadProcessMemory veya WriteProcessMemory isteðinin sadece bir parçasý tamamlandý. (0x12B)
[0814/210205.625:ERROR:process_memory_win.cc(73)] ReadMemory at 0x27bf0cd2bd0 of 132 bytes failed: ReadProcessMemory veya WriteProcessMemory isteðinin sadece bir parçasý tamamlandý. (0x12B)
[0814/210205.625:ERROR:process_memory_win.cc(73)] ReadMemory at 0x27bf0cd2d60 of 132 bytes failed: ReadProcessMemory veya WriteProcessMemory isteðinin sadece bir parçasý tamamlandý. (0x12B)
[0814/210205.625:ERROR:process_memory_win.cc(73)] ReadMemory at 0x27bf0cd2f20 of 126 bytes failed: ReadProcessMemory veya WriteProcessMemory isteðinin sadece bir parçasý tamamlandý. (0x12B)
[0814/210205.625:ERROR:process_memory_win.cc(73)] ReadMemory at 0x27bf0cd3300 of 132 bytes failed: ReadProcessMemory veya WriteProcessMemory isteðinin sadece bir parçasý tamamlandý. (0x12B)
[0814/210205.625:ERROR:process_memory_win.cc(73)] ReadMemory at 0x27bf0cd3490 of 64 bytes failed: ReadProcessMemory veya WriteProcessMemory isteðinin sadece bir parçasý tamamlandý. (0x12B)
[0814/210205.625:ERROR:process_memory_win.cc(73)] ReadMemory at 0x27bf0cd3650 of 132 bytes failed: ReadProcessMemory veya WriteProcessMemory isteðinin sadece bir parçasý tamamlandý. (0x12B)
[0814/210205.626:ERROR:process_memory_win.cc(73)] ReadMemory at 0x27bf0cd38f0 of 132 bytes failed: ReadProcessMemory veya WriteProcessMemory isteðinin sadece bir parçasý tamamlandý. (0x12B)
[0814/210205.626:ERROR:process_memory_win.cc(73)] ReadMemory at 0x27bf0cd3a80 of 68 bytes failed: ReadProcessMemory veya WriteProcessMemory isteðinin sadece bir parçasý tamamlandý. (0x12B)
[0814/210205.626:ERROR:process_memory_win.cc(73)] ReadMemory at 0x27bf0cd4c30 of 132 bytes failed: ReadProcessMemory veya WriteProcessMemory isteðinin sadece bir parçasý tamamlandý. (0x12B)
[0814/210205.626:ERROR:process_memory_win.cc(73)] ReadMemory at 0x27bf0cd4dc0 of 154 bytes failed: ReadProcessMemory veya WriteProcessMemory isteðinin sadece bir parçasý tamamlandý. (0x12B)
[0814/210205.626:ERROR:process_memory_win.cc(73)] ReadMemory at 0x27bf0cd5c70 of 62 bytes failed: ReadProcessMemory veya WriteProcessMemory isteðinin sadece bir parçasý tamamlandý. (0x12B)
[0814/210205.626:ERROR:process_memory_win.cc(73)] ReadMemory at 0x27bf0cd5d80 of 60 bytes failed: ReadProcessMemory veya WriteProcessMemory isteðinin sadece bir parçasý tamamlandý. (0x12B)
[0814/210205.626:ERROR:process_memory_win.cc(73)] ReadMemory at 0x27bf0cd62b0 of 132 bytes failed: ReadProcessMemory veya WriteProcessMemory isteðinin sadece bir parçasý tamamlandý. (0x12B)
[0814/210205.626:ERROR:process_memory_win.cc(73)] ReadMemory at 0x27bf0cdcab0 of 60 bytes failed: ReadProcessMemory veya WriteProcessMemory isteðinin sadece bir parçasý tamamlandý. (0x12B)
[0814/210205.627:ERROR:process_memory_win.cc(73)] ReadMemory at 0x27bf0cdcba0 of 62 bytes failed: ReadProcessMemory veya WriteProcessMemory isteðinin sadece bir parçasý tamamlandý. (0x12B)
[0814/210205.627:ERROR:process_memory_win.cc(73)] ReadMemory at 0x27bf0cde2f0 of 54 bytes failed: ReadProcessMemory veya WriteProcessMemory isteðinin sadece bir parçasý tamamlandý. (0x12B)
[0814/210205.627:ERROR:process_memory_win.cc(73)] ReadMemory at 0x27bf0cdea5c of 512 bytes failed: ReadProcessMemory veya WriteProcessMemory isteðinin sadece bir parçasý tamamlandý. (0x12B)
[0814/210205.627:ERROR:process_memory_win.cc(73)] ReadMemory at 0x27bf0ce1360 of 80 bytes failed: ReadProcessMemory veya WriteProcessMemory isteðinin sadece bir parçasý tamamlandý. (0x12B)
[0814/210205.627:ERROR:process_memory_win.cc(73)] ReadMemory at 0x27bf0ce1420 of 78 bytes failed: ReadProcessMemory veya WriteProcessMemory isteðinin sadece bir parçasý tamamlandý. (0x12B)
[0814/210205.627:ERROR:process_memory_win.cc(73)] ReadMemory at 0x27bf0ce3e00 of 132 bytes failed: ReadProcessMemory veya WriteProcessMemory isteðinin sadece bir parçasý tamamlandý. (0x12B)
[0814/210205.627:ERROR:process_memory_win.cc(73)] ReadMemory at 0x27bf0ce4f90 of 132 bytes failed: ReadProcessMemory veya WriteProcessMemory isteðinin sadece bir parçasý tamamlandý. (0x12B)
[0814/210205.627:ERROR:process_memory_win.cc(73)] ReadMemory at 0x27bf0ce50c0 of 132 bytes failed: ReadProcessMemory veya WriteProcessMemory isteðinin sadece bir parçasý tamamlandý. (0x12B)
[0814/210205.627:ERROR:process_memory_win.cc(73)] ReadMemory at 0x27bf0ce51f0 of 132 bytes failed: ReadProcessMemory veya WriteProcessMemory isteðinin sadece bir parçasý tamamlandý. (0x12B)
[0814/210205.627:ERROR:process_memory_win.cc(73)] ReadMemory at 0x27bf0ce5320 of 132 bytes failed: ReadProcessMemory veya WriteProcessMemory isteðinin sadece bir parçasý tamamlandý. (0x12B)
[0814/210205.628:ERROR:process_memory_win.cc(73)] ReadMemory at 0x27bf0ce5450 of 132 bytes failed: ReadProcessMemory veya WriteProcessMemory isteðinin sadece bir parçasý tamamlandý. (0x12B)
[0814/210205.628:ERROR:process_memory_win.cc(73)] ReadMemory at 0x27bf0ce5580 of 132 bytes failed: ReadProcessMemory veya WriteProcessMemory isteðinin sadece bir parçasý tamamlandý. (0x12B)
[0814/210205.628:ERROR:process_memory_win.cc(73)] ReadMemory at 0x27bf0ce56b0 of 132 bytes failed: ReadProcessMemory veya WriteProcessMemory isteðinin sadece bir parçasý tamamlandý. (0x12B)
[0814/210205.629:ERROR:process_memory_win.cc(73)] ReadMemory at 0x27bf0ce5910 of 132 bytes failed: ReadProcessMemory veya WriteProcessMemory isteðinin sadece bir parçasý tamamlandý. (0x12B)
[0814/210205.630:ERROR:process_memory_win.cc(73)] ReadMemory at 0x27bf0ce5a40 of 132 bytes failed: ReadProcessMemory veya WriteProcessMemory isteðinin sadece bir parçasý tamamlandý. (0x12B)
[0814/210205.630:ERROR:process_memory_win.cc(73)] ReadMemory at 0x27bf0ce5b70 of 132 bytes failed: ReadProcessMemory veya WriteProcessMemory isteðinin sadece bir parçasý tamamlandý. (0x12B)
[0814/210205.630:ERROR:process_memory_win.cc(73)] ReadMemory at 0x27bf0ce5ca0 of 132 bytes failed: ReadProcessMemory veya WriteProcessMemory isteðinin sadece bir parçasý tamamlandý. (0x12B)
[0814/210205.630:ERROR:process_memory_win.cc(73)] ReadMemory at 0x27bf0ce5dd0 of 132 bytes failed: ReadProcessMemory veya WriteProcessMemory isteðinin sadece bir parçasý tamamlandý. (0x12B)
[0814/210205.630:ERROR:process_memory_win.cc(73)] ReadMemory at 0x27bf0ce6fb0 of 132 bytes failed: ReadProcessMemory veya WriteProcessMemory isteðinin sadece bir parçasý tamamlandý. (0x12B)
[0814/210205.630:ERROR:process_memory_win.cc(73)] ReadMemory at 0x27bf0ce7cd0 of 146 bytes failed: ReadProcessMemory veya WriteProcessMemory isteðinin sadece bir parçasý tamamlandý. (0x12B)
[0814/210205.630:ERROR:process_memory_win.cc(73)] ReadMemory at 0x27bf0ce7dc0 of 132 bytes failed: ReadProcessMemory veya WriteProcessMemory isteðinin sadece bir parçasý tamamlandý. (0x12B)
[0814/210205.630:ERROR:process_memory_win.cc(73)] ReadMemory at 0x27bf0ce8130 of 62 bytes failed: ReadProcessMemory veya WriteProcessMemory isteðinin sadece bir parçasý tamamlandý. (0x12B)
[0814/210205.630:ERROR:process_memory_win.cc(73)] ReadMemory at 0x27bf0ce8180 of 62 bytes failed: ReadProcessMemory veya WriteProcessMemory isteðinin sadece bir parçasý tamamlandý. (0x12B)
[0814/210205.631:ERROR:process_memory_win.cc(73)] ReadMemory at 0x27bf0ce8220 of 62 bytes failed: ReadProcessMemory veya WriteProcessMemory isteðinin sadece bir parçasý tamamlandý. (0x12B)
[0814/210205.631:ERROR:process_memory_win.cc(73)] ReadMemory at 0x27bf0ce8270 of 64 bytes failed: ReadProcessMemory veya WriteProcessMemory isteðinin sadece bir parçasý tamamlandý. (0x12B)
[0814/210205.631:ERROR:process_memory_win.cc(73)] ReadMemory at 0x27bf0ce8360 of 60 bytes failed: ReadProcessMemory veya WriteProcessMemory isteðinin sadece bir parçasý tamamlandý. (0x12B)
[0814/210205.631:ERROR:process_memory_win.cc(73)] ReadMemory at 0x27bf0ce83b0 of 60 bytes failed: ReadProcessMemory veya WriteProcessMemory isteðinin sadece bir parçasý tamamlandý. (0x12B)
[0814/210205.631:ERROR:process_memory_win.cc(73)] ReadMemory at 0x27bf0ce8400 of 62 bytes failed: ReadProcessMemory veya WriteProcessMemory isteðinin sadece bir parçasý tamamlandý. (0x12B)
[0814/210205.631:ERROR:process_memory_win.cc(73)] ReadMemory at 0x27bf0ce84a0 of 66 bytes failed: ReadProcessMemory veya WriteProcessMemory isteðinin sadece bir parçasý tamamlandý. (0x12B)
[0814/210205.631:ERROR:process_memory_win.cc(73)] ReadMemory at 0x27bf0ce84f0 of 62 bytes failed: ReadProcessMemory veya WriteProcessMemory isteðinin sadece bir parçasý tamamlandý. (0x12B)
[0814/210205.631:ERROR:process_memory_win.cc(73)] ReadMemory at 0x27bf0ce8590 of 66 bytes failed: ReadProcessMemory veya WriteProcessMemory isteðinin sadece bir parçasý tamamlandý. (0x12B)
[0814/210205.631:ERROR:process_memory_win.cc(73)] ReadMemory at 0x27bf0ce85e0 of 64 bytes failed: ReadProcessMemory veya WriteProcessMemory isteðinin sadece bir parçasý tamamlandý. (0x12B)
[0814/210205.632:ERROR:process_memory_win.cc(73)] ReadMemory at 0x27bf0ce8680 of 60 bytes failed: ReadProcessMemory veya WriteProcessMemory isteðinin sadece bir parçasý tamamlandý. (0x12B)
[0814/210205.632:ERROR:process_memory_win.cc(73)] ReadMemory at 0x27bf0ce86d0 of 64 bytes failed: ReadProcessMemory veya WriteProcessMemory isteðinin sadece bir parçasý tamamlandý. (0x12B)
[0814/210205.632:ERROR:process_memory_win.cc(73)] ReadMemory at 0x27bf0ce88b0 of 62 bytes failed: ReadProcessMemory veya WriteProcessMemory isteðinin sadece bir parçasý tamamlandý. (0x12B)
[0814/210205.632:ERROR:process_memory_win.cc(73)] ReadMemory at 0x27bf0ce8950 of 60 bytes failed: ReadProcessMemory veya WriteProcessMemory isteðinin sadece bir parçasý tamamlandý. (0x12B)
[0814/210205.632:ERROR:process_memory_win.cc(73)] ReadMemory at 0x27bf0ce89a0 of 64 bytes failed: ReadProcessMemory veya WriteProcessMemory isteðinin sadece bir parçasý tamamlandý. (0x12B)
[0814/210205.632:ERROR:process_memory_win.cc(73)] ReadMemory at 0x27bf0ce89f0 of 64 bytes failed: ReadProcessMemory veya WriteProcessMemory isteðinin sadece bir parçasý tamamlandý. (0x12B)
[0814/210205.632:ERROR:process_memory_win.cc(73)] ReadMemory at 0x27bf0ce8a90 of 62 bytes failed: ReadProcessMemory veya WriteProcessMemory isteðinin sadece bir parçasý tamamlandý. (0x12B)
[0814/210205.633:ERROR:process_memory_win.cc(73)] ReadMemory at 0x27bf0ce8ae0 of 64 bytes failed: ReadProcessMemory veya WriteProcessMemory isteðinin sadece bir parçasý tamamlandý. (0x12B)
[0814/210205.633:ERROR:process_memory_win.cc(73)] ReadMemory at 0x27bf0ce8b30 of 60 bytes failed: ReadProcessMemory veya WriteProcessMemory isteðinin sadece bir parçasý tamamlandý. (0x12B)
[0814/210205.633:ERROR:process_memory_win.cc(73)] ReadMemory at 0x27bf0ce8bd0 of 62 bytes failed: ReadProcessMemory veya WriteProcessMemory isteðinin sadece bir parçasý tamamlandý. (0x12B)
[0814/210205.633:ERROR:process_memory_win.cc(73)] ReadMemory at 0x27bf0ce8cc0 of 64 bytes failed: ReadProcessMemory veya WriteProcessMemory isteðinin sadece bir parçasý tamamlandý. (0x12B)
[0814/210205.633:ERROR:process_memory_win.cc(73)] ReadMemory at 0x27bf0ce8db0 of 58 bytes failed: ReadProcessMemory veya WriteProcessMemory isteðinin sadece bir parçasý tamamlandý. (0x12B)
[0814/210205.633:ERROR:process_memory_win.cc(73)] ReadMemory at 0x27bf0ce8e00 of 62 bytes failed: ReadProcessMemory veya WriteProcessMemory isteðinin sadece bir parçasý tamamlandý. (0x12B)
[0814/210205.633:ERROR:process_memory_win.cc(73)] ReadMemory at 0x27bf0ce8ea0 of 64 bytes failed: ReadProcessMemory veya WriteProcessMemory isteðinin sadece bir parçasý tamamlandý. (0x12B)
[0814/210205.633:ERROR:process_memory_win.cc(73)] ReadMemory at 0x27bf0ce9260 of 132 bytes failed: ReadProcessMemory veya WriteProcessMemory isteðinin sadece bir parçasý tamamlandý. (0x12B)
[0814/210205.633:ERROR:process_memory_win.cc(73)] ReadMemory at 0x27bf0ceaeb0 of 132 bytes failed: ReadProcessMemory veya WriteProcessMemory isteðinin sadece bir parçasý tamamlandý. (0x12B)
[0814/210205.633:ERROR:process_memory_win.cc(73)] ReadMemory at 0x27bf0ceafe0 of 132 bytes failed: ReadProcessMemory veya WriteProcessMemory isteðinin sadece bir parçasý tamamlandý. (0x12B)
[0814/210205.633:ERROR:process_memory_win.cc(73)] ReadMemory at 0x27bf0cef190 of 132 bytes failed: ReadProcessMemory veya WriteProcessMemory isteðinin sadece bir parçasý tamamlandý. (0x12B)
[0814/210205.633:ERROR:process_memory_win.cc(73)] ReadMemory at 0x27bf0cef3b0 of 132 bytes failed: ReadProcessMemory veya WriteProcessMemory isteðinin sadece bir parçasý tamamlandý. (0x12B)
[0814/210205.633:ERROR:process_memory_win.cc(73)] ReadMemory at 0x27bf0cef710 of 132 bytes failed: ReadProcessMemory veya WriteProcessMemory isteðinin sadece bir parçasý tamamlandý. (0x12B)
[0814/210205.634:ERROR:process_memory_win.cc(73)] ReadMemory at 0x27bf0cef920 of 132 bytes failed: ReadProcessMemory veya WriteProcessMemory isteðinin sadece bir parçasý tamamlandý. (0x12B)
[0814/210205.634:ERROR:process_memory_win.cc(73)] ReadMemory at 0x27bf0ceffb0 of 132 bytes failed: ReadProcessMemory veya WriteProcessMemory isteðinin sadece bir parçasý tamamlandý. (0x12B)
[0814/210205.634:ERROR:process_memory_win.cc(73)] ReadMemory at 0x27bf0cf0210 of 132 bytes failed: ReadProcessMemory veya WriteProcessMemory isteðinin sadece bir parçasý tamamlandý. (0x12B)
[0814/210205.634:ERROR:process_memory_win.cc(73)] ReadMemory at 0x27bf0cf0340 of 132 bytes failed: ReadProcessMemory veya WriteProcessMemory isteðinin sadece bir parçasý tamamlandý. (0x12B)
[0814/210205.634:ERROR:process_memory_win.cc(73)] ReadMemory at 0x27bf0cf0470 of 132 bytes failed: ReadProcessMemory veya WriteProcessMemory isteðinin sadece bir parçasý tamamlandý. (0x12B)
[0814/210205.634:ERROR:process_memory_win.cc(73)] ReadMemory at 0x27bf0cf0800 of 132 bytes failed: ReadProcessMemory veya WriteProcessMemory isteðinin sadece bir parçasý tamamlandý. (0x12B)
[0814/210205.635:ERROR:process_memory_win.cc(73)] ReadMemory at 0x27bf0cf0930 of 132 bytes failed: ReadProcessMemory veya WriteProcessMemory isteðinin sadece bir parçasý tamamlandý. (0x12B)
[0814/210205.635:ERROR:process_memory_win.cc(73)] ReadMemory at 0x27bf0cf0a60 of 132 bytes failed: ReadProcessMemory veya WriteProcessMemory isteðinin sadece bir parçasý tamamlandý. (0x12B)
[0814/210205.635:ERROR:process_memory_win.cc(73)] ReadMemory at 0x27bf0cf0b90 of 132 bytes failed: ReadProcessMemory veya WriteProcessMemory isteðinin sadece bir parçasý tamamlandý. (0x12B)
[0814/210205.635:ERROR:process_memory_win.cc(73)] ReadMemory at 0x27bf0cf0cc0 of 132 bytes failed: ReadProcessMemory veya WriteProcessMemory isteðinin sadece bir parçasý tamamlandý. (0x12B)
[0814/210205.635:ERROR:process_memory_win.cc(73)] ReadMemory at 0x27bf0cf0df0 of 132 bytes failed: ReadProcessMemory veya WriteProcessMemory isteðinin sadece bir parçasý tamamlandý. (0x12B)
[0814/210205.635:ERROR:process_memory_win.cc(73)] ReadMemory at 0x27bf0cf0f20 of 132 bytes failed: ReadProcessMemory veya WriteProcessMemory isteðinin sadece bir parçasý tamamlandý. (0x12B)
[0814/210205.635:ERROR:process_memory_win.cc(73)] ReadMemory at 0x27bf0cf1050 of 132 bytes failed: ReadProcessMemory veya WriteProcessMemory isteðinin sadece bir parçasý tamamlandý. (0x12B)
[0814/210205.635:ERROR:process_memory_win.cc(73)] ReadMemory at 0x27bf0cf1180 of 132 bytes failed: ReadProcessMemory veya WriteProcessMemory isteðinin sadece bir parçasý tamamlandý. (0x12B)
[0814/210205.635:ERROR:process_memory_win.cc(73)] ReadMemory at 0x27bf0cf12b0 of 132 bytes failed: ReadProcessMemory veya WriteProcessMemory isteðinin sadece bir parçasý tamamlandý. (0x12B)
[0814/210205.636:ERROR:process_memory_win.cc(73)] ReadMemory at 0x27bf0cf13e0 of 132 bytes failed: ReadProcessMemory veya WriteProcessMemory isteðinin sadece bir parçasý tamamlandý. (0x12B)
[0814/210205.636:ERROR:process_memory_win.cc(73)] ReadMemory at 0x27bf0cf1510 of 132 bytes failed: ReadProcessMemory veya WriteProcessMemory isteðinin sadece bir parçasý tamamlandý. (0x12B)
[0814/210205.636:ERROR:process_memory_win.cc(73)] ReadMemory at 0x27bf0cf1640 of 132 bytes failed: ReadProcessMemory veya WriteProcessMemory isteðinin sadece bir parçasý tamamlandý. (0x12B)
[0814/210205.636:ERROR:process_memory_win.cc(73)] ReadMemory at 0x27bf0cf19d0 of 132 bytes failed: ReadProcessMemory veya WriteProcessMemory isteðinin sadece bir parçasý tamamlandý. (0x12B)
[0814/210205.636:ERROR:process_memory_win.cc(73)] ReadMemory at 0x27bf0cf1b00 of 132 bytes failed: ReadProcessMemory veya WriteProcessMemory isteðinin sadece bir parçasý tamamlandý. (0x12B)
[0814/210205.636:ERROR:process_memory_win.cc(73)] ReadMemory at 0x27bf0cf1c30 of 132 bytes failed: ReadProcessMemory veya WriteProcessMemory isteðinin sadece bir parçasý tamamlandý. (0x12B)
[0814/210205.636:ERROR:process_memory_win.cc(73)] ReadMemory at 0x27bf0cf1d60 of 132 bytes failed: ReadProcessMemory veya WriteProcessMemory isteðinin sadece bir parçasý tamamlandý. (0x12B)
[0814/210205.636:ERROR:process_memory_win.cc(73)] ReadMemory at 0x27bf0cf2dd0 of 80 bytes failed: ReadProcessMemory veya WriteProcessMemory isteðinin sadece bir parçasý tamamlandý. (0x12B)
[0814/210205.636:ERROR:process_memory_win.cc(73)] ReadMemory at 0x27bf0cf3850 of 76 bytes failed: ReadProcessMemory veya WriteProcessMemory isteðinin sadece bir parçasý tamamlandý. (0x12B)
[0814/210205.636:ERROR:process_memory_win.cc(73)] ReadMemory at 0x27bf0cf46a0 of 512 bytes failed: ReadProcessMemory veya WriteProcessMemory isteðinin sadece bir parçasý tamamlandý. (0x12B)
[0814/210205.636:ERROR:process_memory_win.cc(73)] ReadMemory at 0x27bf0d13b50 of 62 bytes failed: ReadProcessMemory veya WriteProcessMemory isteðinin sadece bir parçasý tamamlandý. (0x12B)
[0814/210205.636:ERROR:process_memory_win.cc(73)] ReadMemory at 0x27bf0d13c90 of 60 bytes failed: ReadProcessMemory veya WriteProcessMemory isteðinin sadece bir parçasý tamamlandý. (0x12B)
[0814/210205.636:ERROR:process_memory_win.cc(73)] ReadMemory at 0x27bf0d13ce0 of 58 bytes failed: ReadProcessMemory veya WriteProcessMemory isteðinin sadece bir parçasý tamamlandý. (0x12B)
[0814/210205.636:ERROR:process_memory_win.cc(73)] ReadMemory at 0x27bf0d13d30 of 58 bytes failed: ReadProcessMemory veya WriteProcessMemory isteðinin sadece bir parçasý tamamlandý. (0x12B)
[0814/210205.637:ERROR:process_memory_win.cc(73)] ReadMemory at 0x27bf0d13d80 of 60 bytes failed: ReadProcessMemory veya WriteProcessMemory isteðinin sadece bir parçasý tamamlandý. (0x12B)
[0814/210205.637:ERROR:process_memory_win.cc(73)] ReadMemory at 0x27bf0d13fb0 of 62 bytes failed: ReadProcessMemory veya WriteProcessMemory isteðinin sadece bir parçasý tamamlandý. (0x12B)
[0814/210205.637:ERROR:process_memory_win.cc(73)] ReadMemory at 0x27bf0d14230 of 66 bytes failed: ReadProcessMemory veya WriteProcessMemory isteðinin sadece bir parçasý tamamlandý. (0x12B)
[0814/210205.637:ERROR:process_memory_win.cc(73)] ReadMemory at 0x27bf0d14280 of 58 bytes failed: ReadProcessMemory veya WriteProcessMemory isteðinin sadece bir parçasý tamamlandý. (0x12B)
[0814/210205.637:ERROR:process_memory_win.cc(73)] ReadMemory at 0x27bf0d143c0 of 62 bytes failed: ReadProcessMemory veya WriteProcessMemory isteðinin sadece bir parçasý tamamlandý. (0x12B)
[0814/210205.637:ERROR:process_memory_win.cc(73)] ReadMemory at 0x27bf0d144b0 of 64 bytes failed: ReadProcessMemory veya WriteProcessMemory isteðinin sadece bir parçasý tamamlandý. (0x12B)
[0814/210205.637:ERROR:process_memory_win.cc(73)] ReadMemory at 0x27bf0d40a00 of 512 bytes failed: ReadProcessMemory veya WriteProcessMemory isteðinin sadece bir parçasý tamamlandý. (0x12B)
[0814/210205.637:ERROR:process_memory_win.cc(73)] ReadMemory at 0x27bf0d45a68 of 512 bytes failed: ReadProcessMemory veya WriteProcessMemory isteðinin sadece bir parçasý tamamlandý. (0x12B)
[0814/210205.637:ERROR:process_memory_win.cc(73)] ReadMemory at 0x27bf0d5d5b0 of 512 bytes failed: ReadProcessMemory veya WriteProcessMemory isteðinin sadece bir parçasý tamamlandý. (0x12B)
[0814/210205.637:ERROR:process_memory_win.cc(73)] ReadMemory at 0x27bf0d66a80 of 512 bytes failed: ReadProcessMemory veya WriteProcessMemory isteðinin sadece bir parçasý tamamlandý. (0x12B)
[0814/210205.637:ERROR:process_memory_win.cc(73)] ReadMemory at 0x27bf0d6e440 of 512 bytes failed: ReadProcessMemory veya WriteProcessMemory isteðinin sadece bir parçasý tamamlandý. (0x12B)
[0814/210205.637:ERROR:process_memory_win.cc(73)] ReadMemory at 0x27bf0d828d0 of 712 bytes failed: ReadProcessMemory veya WriteProcessMemory isteðinin sadece bir parçasý tamamlandý. (0x12B)
[0814/210205.637:ERROR:process_memory_win.cc(73)] ReadMemory at 0x27bf0d85400 of 512 bytes failed: ReadProcessMemory veya WriteProcessMemory isteðinin sadece bir parçasý tamamlandý. (0x12B)
[0814/210205.638:ERROR:process_memory_win.cc(73)] ReadMemory at 0x27bf0d96170 of 512 bytes failed: ReadProcessMemory veya WriteProcessMemory isteðinin sadece bir parçasý tamamlandý. (0x12B)
[0814/210205.638:ERROR:process_memory_win.cc(73)] ReadMemory at 0x27bf27d2c00 of 512 bytes failed: ReadProcessMemory veya WriteProcessMemory isteðinin sadece bir parçasý tamamlandý. (0x12B)
[0814/210205.638:ERROR:process_memory_win.cc(73)] ReadMemory at 0x27bf28a8da0 of 512 bytes failed: ReadProcessMemory veya WriteProcessMemory isteðinin sadece bir parçasý tamamlandý. (0x12B)
[0814/210205.638:ERROR:process_memory_win.cc(73)] ReadMemory at 0x27bf2e274f0 of 512 bytes failed: ReadProcessMemory veya WriteProcessMemory isteðinin sadece bir parçasý tamamlandý. (0x12B)
[0814/210205.638:ERROR:process_memory_win.cc(73)] ReadMemory at 0x27bf2f18b90 of 512 bytes failed: ReadProcessMemory veya WriteProcessMemory isteðinin sadece bir parçasý tamamlandý. (0x12B)
[0814/210205.638:ERROR:process_memory_win.cc(73)] ReadMemory at 0x27bf2f19bd0 of 512 bytes failed: ReadProcessMemory veya WriteProcessMemory isteðinin sadece bir parçasý tamamlandý. (0x12B)
[0814/210205.638:ERROR:process_memory_win.cc(73)] ReadMemory at 0x27bf2fedad0 of 520 bytes failed: ReadProcessMemory veya WriteProcessMemory isteðinin sadece bir parçasý tamamlandý. (0x12B)
[0814/210205.638:ERROR:process_memory_win.cc(73)] ReadMemory at 0x27bf3021f18 of 512 bytes failed: ReadProcessMemory veya WriteProcessMemory isteðinin sadece bir parçasý tamamlandý. (0x12B)
[0814/210205.638:ERROR:process_memory_win.cc(73)] ReadMemory at 0x27bf308e160 of 512 bytes failed: ReadProcessMemory veya WriteProcessMemory isteðinin sadece bir parçasý tamamlandý. (0x12B)
[0814/210205.638:ERROR:process_memory_win.cc(73)] ReadMemory at 0x27bf4e7d0c0 of 512 bytes failed: ReadProcessMemory veya WriteProcessMemory isteðinin sadece bir parçasý tamamlandý. (0x12B)
[0814/210205.638:ERROR:process_memory_win.cc(73)] ReadMemory at 0x93c64565f80 of 512 bytes failed: ReadProcessMemory veya WriteProcessMemory isteðinin sadece bir parçasý tamamlandý. (0x12B)
[0814/210205.638:ERROR:process_memory_win.cc(73)] ReadMemory at 0x93c647c2f80 of 512 bytes failed: ReadProcessMemory veya WriteProcessMemory isteðinin sadece bir parçasý tamamlandý. (0x12B)
[0814/210205.638:ERROR:process_memory_win.cc(73)] ReadMemory at 0x7ffbafc26d31 of 512 bytes failed: ReadProcessMemory veya WriteProcessMemory isteðinin sadece bir parçasý tamamlandý. (0x12B)
[0814/210205.639:ERROR:process_memory_win.cc(73)] ReadMemory at 0x7ffc006da699 of 512 bytes failed: ReadProcessMemory veya WriteProcessMemory isteðinin sadece bir parçasý tamamlandý. (0x12B)
[0814/210205.639:ERROR:process_memory_win.cc(73)] ReadMemory at 0x7ffc0090c6d0 of 512 bytes failed: ReadProcessMemory veya WriteProcessMemory isteðinin sadece bir parçasý tamamlandý. (0x12B)
[0814/210205.639:ERROR:process_memory_win.cc(73)] ReadMemory at 0x7ffc028bfb11 of 512 bytes failed: ReadProcessMemory veya WriteProcessMemory isteðinin sadece bir parçasý tamamlandý. (0x12B)
[0814/210205.639:ERROR:process_memory_win.cc(73)] ReadMemory at 0x7ffc0291c074 of 672 bytes failed: ReadProcessMemory veya WriteProcessMemory isteðinin sadece bir parçasý tamamlandý. (0x12B)
[0814/210205.639:ERROR:process_memory_win.cc(73)] ReadMemory at 0x7ffc0291c674 of 512 bytes failed: ReadProcessMemory veya WriteProcessMemory isteðinin sadece bir parçasý tamamlandý. (0x12B)
[0814/210205.639:ERROR:process_memory_win.cc(73)] ReadMemory at 0x7ffc0291f924 of 608 bytes failed: ReadProcessMemory veya WriteProcessMemory isteðinin sadece bir parçasý tamamlandý. (0x12B)
[0814/210205.639:ERROR:process_memory_win.cc(73)] ReadMemory at 0x7ffc029ac428 of 18 bytes failed: ReadProcessMemory veya WriteProcessMemory isteðinin sadece bir parçasý tamamlandý. (0x12B)
[0814/210205.639:ERROR:process_memory_win.cc(73)] ReadMemory at 0x7ffc029df4f8 of 40 bytes failed: ReadProcessMemory veya WriteProcessMemory isteðinin sadece bir parçasý tamamlandý. (0x12B)
[0814/210205.639:ERROR:process_memory_win.cc(73)] ReadMemory at 0x7ffc029df978 of 48 bytes failed: ReadProcessMemory veya WriteProcessMemory isteðinin sadece bir parçasý tamamlandý. (0x12B)
[0814/210205.639:ERROR:process_memory_win.cc(73)] ReadMemory at 0x7ffc029e53c0 of 64 bytes failed: ReadProcessMemory veya WriteProcessMemory isteðinin sadece bir parçasý tamamlandý. (0x12B)
[0814/210205.641:ERROR:scoped_process_suspend.cc(40)] NtResumeProcess: Sona ermekte olan bir iþleme eriþmeye çalýþýldý. (0xc000010a)
[0814/214519.777:ERROR:process_reader_win.cc(151)] SuspendThread: Eriþim engellendi. (0x5)
[0814/214519.778:ERROR:exception_snapshot_win.cc(98)] thread ID 236 not found in process
[0814/214519.778:ERROR:scoped_process_suspend.cc(40)] NtResumeProcess: Sona ermekte olan bir iþleme eriþmeye çalýþýldý. (0xc000010a)
[1125/223900.867:ERROR:directory_reader_win.cc(43)] FindFirstFile: Sistem belirtilen yolu bulamýyor. (0x3)
[1125/230054.797:ERROR:directory_reader_win.cc(43)] FindFirstFile: Sistem belirtilen yolu bulamýyor. (0x3)
[1125/234157.702:ERROR:directory_reader_win.cc(43)] FindFirstFile: Sistem belirtilen yolu bulamýyor. (0x3)
[1126/000325.985:ERROR:directory_reader_win.cc(43)] FindFirstFile: Sistem belirtilen yolu bulamýyor. (0x3)
